Rasa process starting
Rasa process starting
Rasa process starting
Rasa process starting
Rasa process starting
Rasa process starting
Rasa process starting
Rasa process starting
Rasa process starting
Rasa process starting
Rasa process starting
Rasa process starting
Rasa process starting
Rasa process starting
Rasa process starting
Rasa process starting
Rasa process starting
Rasa process starting
Rasa process starting
Rasa process starting
Rasa process starting
Rasa process starting
Rasa process starting
Rasa process starting
Restoring parameters from models/current/nlu/intent_classifier_tensorflow_embedding.ckpt
Available web server routes: 
hello                                              HEAD, OPTIONS, GET             /
list_trackers                                      HEAD, OPTIONS, GET             /conversations
execute_action                                     OPTIONS, POST                  /conversations/[sender_id]/execute
log_message                                        OPTIONS, POST                  /conversations/[sender_id]/messages
predict                                            OPTIONS, POST                  /conversations/[sender_id]/predict
respond                                            HEAD, OPTIONS, GET, POST       /conversations/[sender_id]/respond
retrieve_story                                     HEAD, OPTIONS, GET             /conversations/[sender_id]/story
retrieve_tracker                                   HEAD, OPTIONS, GET             /conversations/[sender_id]/tracker
replace_events                                     OPTIONS, PUT                   /conversations/[sender_id]/tracker/events
get_domain                                         HEAD, OPTIONS, GET             /domain
evaluate_stories                                   OPTIONS, POST                  /evaluate
continue_training                                  OPTIONS, POST                  /finetune
load_model                                         OPTIONS, POST                  /model
tracker_predict                                    OPTIONS, POST                  /predict
static                                             HEAD, OPTIONS, GET             /static/[filename]
status                                             HEAD, OPTIONS, GET             /status
version                                            HEAD, OPTIONS, GET             /version
custom_webhook_CmdlineInput.health                 HEAD, OPTIONS, GET             /webhooks/rest/
custom_webhook_CmdlineInput.receive                OPTIONS, POST                  /webhooks/rest/webhook
Rasa Core server is up and running on http://localhost:5005
Creating a new tracker for id 'default'.
Received user message 'mensagem' with intent '{'name': None, 'confidence': 0.0}' and entities '[]'
Logged UserUtterance - tracker now has 2 events
Current slot values: 
	name: None
NLU confidence 0.0 is lower than NLU threshold 0.3. 
Current tracker state [None, None, None, {}, {'prev_action_listen': 1.0}]
There is no memorised next action
There is no active form
Predicted next action using policy_1_FallbackPolicy
Predicted next action 'action_default_fallback' with prob 1.00.
Action 'action_default_fallback' ended with events '['UserUtteranceReverted()']'
Predicted next action 'action_listen' with prob 1.00.
Action 'action_listen' ended with events '[]'
Recreating tracker for id 'default'
Received user message 'hi' with intent '{'name': 'greet', 'confidence': 0.9672681093215942}' and entities '[]'
Logged UserUtterance - tracker now has 6 events
Current slot values: 
	name: None
Current tracker state [None, None, None, {}, {'intent_greet': 1.0, 'prev_action_listen': 1.0}]
There is a memorised next action '7'
There is no active form
Predicted next action using policy_2_MemoizationPolicy
Predicted next action 'utter_name' with prob 1.00.
Action 'utter_name' ended with events '[]'
Bot utterance 'BotUttered(text: Hey there! Tell me your name., data: {
  "elements": null,
  "buttons": null,
  "attachment": null
})'
Current tracker state [None, None, {}, {'intent_greet': 1.0, 'prev_action_listen': 1.0}, {'prev_utter_name': 1.0, 'intent_greet': 1.0}]
There is a memorised next action '0'
There is no active form
Predicted next action using policy_2_MemoizationPolicy
Predicted next action 'action_listen' with prob 1.00.
Action 'action_listen' ended with events '[]'
